0 verbose cli C:\Program Files\nodejs\node.exe C:\Program Files\nodejs\node_modules\npm\bin\npm-cli.js
1 info using npm@10.5.2
2 info using node@v20.13.1
3 timing npm:load:whichnode Completed in 2ms
4 timing config:load:defaults Completed in 1ms
5 timing config:load:file:C:\Program Files\nodejs\node_modules\npm\npmrc Completed in 2ms
6 timing config:load:builtin Completed in 2ms
7 timing config:load:cli Completed in 2ms
8 timing config:load:env Completed in 1ms
9 timing config:load:file:D:\vraj dudhat\my-app\.npmrc Completed in 0ms
10 timing config:load:project Completed in 2ms
11 timing config:load:file:C:\Users\student\.npmrc Completed in 1ms
12 timing config:load:user Completed in 1ms
13 timing config:load:file:C:\Users\student\AppData\Roaming\npm\etc\npmrc Completed in 0ms
14 timing config:load:global Completed in 0ms
15 timing config:load:setEnvs Completed in 1ms
16 timing config:load Completed in 10ms
17 timing npm:load:configload Completed in 10ms
18 timing config:load:flatten Completed in 2ms
19 timing npm:load:mkdirpcache Completed in 1ms
20 timing npm:load:mkdirplogs Completed in 0ms
21 verbose title npm install @testing-library/jest-dom@^5.14.1 @testing-library/react@^13.0.0 @testing-library/user-event@^13.2.1 web-vitals@^2.1.0
22 verbose argv "install" "--no-audit" "--save" "@testing-library/jest-dom@^5.14.1" "@testing-library/react@^13.0.0" "@testing-library/user-event@^13.2.1" "web-vitals@^2.1.0"
23 timing npm:load:setTitle Completed in 1ms
24 timing npm:load:display Completed in 0ms
25 verbose logfile logs-max:10 dir:C:\Users\student\AppData\Local\npm-cache\_logs\2024-12-07T04_38_20_133Z-
26 verbose logfile C:\Users\student\AppData\Local\npm-cache\_logs\2024-12-07T04_38_20_133Z-debug-0.log
27 timing npm:load:logFile Completed in 3ms
28 timing npm:load:timers Completed in 0ms
29 timing npm:load:configScope Completed in 0ms
30 timing npm:load Completed in 37ms
31 timing arborist:ctor Completed in 0ms
32 silly logfile done cleaning log files
33 timing idealTree:init Completed in 757ms
34 timing idealTree:userRequests Completed in 2ms
35 silly idealTree buildDeps
36 silly fetch manifest @testing-library/jest-dom@^5.14.1
37 timing arborist:ctor Completed in 1ms
38 http fetch GET 200 https://registry.npmjs.org/@testing-library%2fjest-dom 615ms (cache miss)
39 silly fetch manifest @testing-library/react@^13.0.0
40 http fetch GET 200 https://registry.npmjs.org/@testing-library%2freact 77ms (cache miss)
41 silly fetch manifest react@^19.0.0
42 http fetch GET 200 https://registry.npmjs.org/react 38ms (cache hit)
43 silly fetch manifest react@^18.0.0
44 timing idealTree Completed in 1569ms
45 timing command:install Completed in 1577ms
46 verbose stack Error: unable to resolve dependency tree
46 verbose stack     at #failPeerConflict (C:\Program Files\nodejs\node_modules\npm\node_modules\@npmcli\arborist\lib\arborist\build-ideal-tree.js:1387:25)
46 verbose stack     at #loadPeerSet (C:\Program Files\nodejs\node_modules\npm\node_modules\@npmcli\arborist\lib\arborist\build-ideal-tree.js:1353:33)
46 verbose stack     at async #buildDepStep (C:\Program Files\nodejs\node_modules\npm\node_modules\@npmcli\arborist\lib\arborist\build-ideal-tree.js:924:11)
46 verbose stack     at async Arborist.buildIdealTree (C:\Program Files\nodejs\node_modules\npm\node_modules\@npmcli\arborist\lib\arborist\build-ideal-tree.js:203:7)
46 verbose stack     at async Promise.all (index 1)
46 verbose stack     at async Arborist.reify (C:\Program Files\nodejs\node_modules\npm\node_modules\@npmcli\arborist\lib\arborist\reify.js:154:5)
46 verbose stack     at async Install.exec (C:\Program Files\nodejs\node_modules\npm\lib\commands\install.js:153:5)
46 verbose stack     at async module.exports (C:\Program Files\nodejs\node_modules\npm\lib\cli-entry.js:61:5)
47 verbose cwd D:\vraj dudhat\my-app
48 verbose Windows_NT 10.0.18362
49 verbose node v20.13.1
50 verbose npm  v10.5.2
51 error code ERESOLVE
52 error ERESOLVE unable to resolve dependency tree
53 error
54 error While resolving: [1mmy-app[22m@[1m0.1.0[22m
54 error Found: [1mreact[22m@[1m19.0.0[22m[2m[22m
54 error [2mnode_modules/react[22m
54 error   [1mreact[22m@"[1m^19.0.0[22m" from the root project
54 error
54 error Could not resolve dependency:
54 error [35mpeer[39m [1mreact[22m@"[1m^18.0.0[22m" from [1m@testing-library/react[22m@[1m13.4.0[22m[2m[22m
54 error [2mnode_modules/@testing-library/react[22m
54 error   [1m@testing-library/react[22m@"[1m^13.0.0[22m" from the root project
54 error
54 error Fix the upstream dependency conflict, or retry
54 error this command with --force or --legacy-peer-deps
54 error to accept an incorrect (and potentially broken) dependency resolution.
55 error
55 error
55 error For a full report see:
55 error C:\Users\student\AppData\Local\npm-cache\_logs\2024-12-07T04_38_20_133Z-eresolve-report.txt
56 verbose exit 1
57 timing npm Completed in 2028ms
58 verbose unfinished npm timer reify 1733546300570
59 verbose unfinished npm timer reify:loadTrees 1733546300573
60 verbose unfinished npm timer idealTree:buildDeps 1733546301334
61 verbose unfinished npm timer idealTree:#root 1733546301334
62 verbose code 1
63 error A complete log of this run can be found in: C:\Users\student\AppData\Local\npm-cache\_logs\2024-12-07T04_38_20_133Z-debug-0.log
