0 verbose cli C:\Program Files\nodejs\node.exe C:\Program Files\nodejs\node_modules\npm\bin\npm-cli.js
1 info using npm@10.5.2
2 info using node@v20.13.1
3 timing npm:load:whichnode Completed in 2ms
4 timing config:load:defaults Completed in 2ms
5 timing config:load:file:C:\Program Files\nodejs\node_modules\npm\npmrc Completed in 2ms
6 timing config:load:builtin Completed in 2ms
7 timing config:load:cli Completed in 2ms
8 timing config:load:env Completed in 1ms
9 timing config:load:file:C:\Users\student\AppData\Local\Microsoft\TypeScript\5.6\.npmrc Completed in 0ms
10 timing config:load:project Completed in 2ms
11 timing config:load:file:C:\Users\student\.npmrc Completed in 1ms
12 timing config:load:user Completed in 1ms
13 timing config:load:file:C:\Users\student\AppData\Roaming\npm\etc\npmrc Completed in 0ms
14 timing config:load:global Completed in 1ms
15 timing config:load:setEnvs Completed in 0ms
16 timing config:load Completed in 11ms
17 timing npm:load:configload Completed in 12ms
18 timing config:load:flatten Completed in 2ms
19 timing npm:load:mkdirpcache Completed in 1ms
20 timing npm:load:mkdirplogs Completed in 0ms
21 verbose title npm install types-registry@latest
22 verbose argv "install" "--ignore-scripts" "types-registry@latest"
23 timing npm:load:setTitle Completed in 1ms
24 timing npm:load:display Completed in 1ms
25 verbose logfile logs-max:10 dir:C:\Users\student\AppData\Local\npm-cache\_logs\2024-12-07T04_40_38_108Z-
26 verbose logfile C:\Users\student\AppData\Local\npm-cache\_logs\2024-12-07T04_40_38_108Z-debug-0.log
27 timing npm:load:logFile Completed in 2ms
28 timing npm:load:timers Completed in 0ms
29 timing npm:load:configScope Completed in 0ms
30 timing npm:load Completed in 39ms
31 timing arborist:ctor Completed in 0ms
32 silly logfile done cleaning log files
33 timing arborist:ctor Completed in 0ms
34 timing idealTree:init Completed in 14ms
35 http fetch GET 200 https://registry.npmjs.org/types-registry 821ms (cache miss)
36 timing idealTree:userRequests Completed in 837ms
37 silly idealTree buildDeps
38 silly fetch manifest types-registry@0.1.697
39 silly placeDep ROOT types-registry@0.1.697 OK for:  want: 0.1.697
40 timing idealTree:#root Completed in 9ms
41 timing idealTree:node_modules/types-registry Completed in 0ms
42 timing idealTree:buildDeps Completed in 11ms
43 timing idealTree:fixDepFlags Completed in 0ms
44 timing idealTree Completed in 863ms
45 timing reify:loadTrees Completed in 864ms
46 timing reify:diffTrees Completed in 1ms
47 silly reify moves {}
48 timing reify:retireShallow Completed in 2ms
49 timing reify:createSparse Completed in 3ms
50 timing reify:loadBundles Completed in 0ms
51 silly audit bulk request { 'types-registry': [ '0.1.697' ] }
52 silly tarball no local data for types-registry@https://registry.npmjs.org/types-registry/-/types-registry-0.1.697.tgz. Extracting by manifest.
53 http fetch GET 200 https://registry.npmjs.org/types-registry/-/types-registry-0.1.697.tgz 345ms (cache miss)
54 timing reifyNode:node_modules/types-registry Completed in 358ms
55 timing reify:unpack Completed in 358ms
56 timing reify:unretire Completed in 0ms
57 timing build:queue Completed in 1ms
58 timing build:deps Completed in 1ms
59 timing build Completed in 1ms
60 timing reify:build Completed in 1ms
61 timing reify:trash Completed in 0ms
62 timing reify:save Completed in 7ms
63 http fetch POST 200 https://registry.npmjs.org/-/npm/v1/security/advisories/bulk 488ms
64 timing auditReport:getReport Completed in 489ms
65 silly audit report {}
66 timing auditReport:init Completed in 0ms
67 timing reify:audit Completed in 490ms
68 timing reify Completed in 1365ms
69 silly ADD node_modules/types-registry
70 timing command:install Completed in 1370ms
71 verbose exit 0
72 timing npm Completed in 2057ms
73 info ok
