0 verbose cli C:\Program Files\nodejs\node.exe C:\Program Files\nodejs\node_modules\npm\bin\npm-cli.js
1 info using npm@10.5.2
2 info using node@v20.13.1
3 timing npm:load:whichnode Completed in 1ms
4 timing config:load:defaults Completed in 2ms
5 timing config:load:file:C:\Program Files\nodejs\node_modules\npm\npmrc Completed in 1ms
6 timing config:load:builtin Completed in 1ms
7 timing config:load:cli Completed in 3ms
8 timing config:load:env Completed in 0ms
9 timing config:load:file:C:\Users\student\AppData\Local\Microsoft\TypeScript\5.6\.npmrc Completed in 0ms
10 timing config:load:project Completed in 2ms
11 timing config:load:file:C:\Users\student\.npmrc Completed in 1ms
12 timing config:load:user Completed in 1ms
13 timing config:load:file:C:\Users\student\AppData\Roaming\npm\etc\npmrc Completed in 0ms
14 timing config:load:global Completed in 0ms
15 timing config:load:setEnvs Completed in 1ms
16 timing config:load Completed in 10ms
17 timing npm:load:configload Completed in 10ms
18 timing config:load:flatten Completed in 3ms
19 timing npm:load:mkdirpcache Completed in 0ms
20 timing npm:load:mkdirplogs Completed in 0ms
21 verbose title npm install @types/react@ts5.6 @types/react-dom@ts5.6 @types/scheduler@ts5.6
22 verbose argv "install" "--ignore-scripts" "@types/react@ts5.6" "@types/react-dom@ts5.6" "@types/scheduler@ts5.6" "--save-dev" "--user-agent" "typesInstaller/5.6.3"
23 timing npm:load:setTitle Completed in 1ms
24 timing npm:load:display Completed in 1ms
25 verbose logfile logs-max:10 dir:C:\Users\student\AppData\Local\npm-cache\_logs\2024-12-07T04_41_03_476Z-
26 verbose logfile C:\Users\student\AppData\Local\npm-cache\_logs\2024-12-07T04_41_03_476Z-debug-0.log
27 timing npm:load:logFile Completed in 3ms
28 timing npm:load:timers Completed in 0ms
29 timing npm:load:configScope Completed in 0ms
30 timing npm:load Completed in 40ms
31 timing arborist:ctor Completed in 1ms
32 silly logfile done cleaning log files
33 timing idealTree:init Completed in 13ms
34 timing arborist:ctor Completed in 0ms
35 http fetch GET 200 https://registry.npmjs.org/@types%2freact-dom 480ms (cache miss)
36 http fetch GET 200 https://registry.npmjs.org/@types%2freact 486ms (cache miss)
37 http fetch GET 200 https://registry.npmjs.org/@types%2fscheduler 488ms (cache miss)
38 timing idealTree:userRequests Completed in 494ms
39 silly idealTree buildDeps
40 silly fetch manifest @types/react-dom@19.0.1
41 silly fetch manifest @types/react@19.0.1
42 silly fetch manifest @types/scheduler@0.23.0
43 silly placeDep ROOT @types/react@19.0.1 OK for:  want: 19.0.1
44 silly placeDep ROOT @types/react-dom@19.0.1 OK for:  want: 19.0.1
45 silly placeDep ROOT @types/scheduler@0.23.0 OK for:  want: 0.23.0
46 silly fetch manifest csstype@^3.0.2
47 http fetch GET 200 https://registry.npmjs.org/csstype 94ms (cache miss)
48 timing idealTree:#root Completed in 108ms
49 silly placeDep ROOT csstype@3.1.3 OK for: @types/react@19.0.1 want: ^3.0.2
50 timing idealTree:node_modules/@types/react Completed in 1ms
51 timing idealTree:node_modules/@types/react-dom Completed in 0ms
52 timing idealTree:node_modules/@types/scheduler Completed in 1ms
53 timing idealTree:node_modules/csstype Completed in 0ms
54 timing idealTree:buildDeps Completed in 112ms
55 timing idealTree:fixDepFlags Completed in 0ms
56 timing idealTree Completed in 619ms
57 timing reify:loadTrees Completed in 620ms
58 timing reify:diffTrees Completed in 1ms
59 silly reify moves {}
60 timing reify:retireShallow Completed in 1ms
61 timing reify:createSparse Completed in 1ms
62 timing reify:loadBundles Completed in 0ms
63 silly audit bulk request {
63 silly audit   'types-registry': [ '0.1.697' ],
63 silly audit   '@types/react': [ '19.0.1' ],
63 silly audit   '@types/react-dom': [ '19.0.1' ],
63 silly audit   '@types/scheduler': [ '0.23.0' ],
63 silly audit   csstype: [ '3.1.3' ]
63 silly audit }
64 silly tarball no local data for csstype@https://registry.npmjs.org/csstype/-/csstype-3.1.3.tgz. Extracting by manifest.
65 silly tarball no local data for @types/scheduler@https://registry.npmjs.org/@types/scheduler/-/scheduler-0.23.0.tgz. Extracting by manifest.
66 silly tarball no local data for @types/react-dom@https://registry.npmjs.org/@types/react-dom/-/react-dom-19.0.1.tgz. Extracting by manifest.
67 silly tarball no local data for @types/react@https://registry.npmjs.org/@types/react/-/react-19.0.1.tgz. Extracting by manifest.
68 http fetch GET 200 https://registry.npmjs.org/@types/scheduler/-/scheduler-0.23.0.tgz 105ms (cache miss)
69 timing reifyNode:node_modules/@types/scheduler Completed in 116ms
70 http fetch GET 200 https://registry.npmjs.org/csstype/-/csstype-3.1.3.tgz 152ms (cache miss)
71 timing reifyNode:node_modules/csstype Completed in 159ms
72 http fetch GET 200 https://registry.npmjs.org/@types/react-dom/-/react-dom-19.0.1.tgz 344ms (cache miss)
73 timing reifyNode:node_modules/@types/react-dom Completed in 354ms
74 http fetch POST 200 https://registry.npmjs.org/-/npm/v1/security/advisories/bulk 475ms
75 timing auditReport:getReport Completed in 477ms
76 silly audit report {}
77 timing auditReport:init Completed in 0ms
78 timing reify:audit Completed in 478ms
79 http fetch GET 200 https://registry.npmjs.org/@types/react/-/react-19.0.1.tgz 520ms (cache miss)
80 timing reifyNode:node_modules/@types/react Completed in 531ms
81 timing reify:unpack Completed in 532ms
82 timing reify:unretire Completed in 0ms
83 timing build:queue Completed in 0ms
84 timing build:deps Completed in 0ms
85 timing build Completed in 1ms
86 timing reify:build Completed in 1ms
87 timing reify:trash Completed in 0ms
88 timing reify:save Completed in 7ms
89 timing reify Completed in 1173ms
90 silly ADD node_modules/csstype
91 silly ADD node_modules/@types/scheduler
92 silly ADD node_modules/@types/react-dom
93 silly ADD node_modules/@types/react
94 timing command:install Completed in 1179ms
95 verbose exit 0
96 timing npm Completed in 1654ms
97 info ok
