0 verbose cli C:\Program Files\nodejs\node.exe C:\Program Files\nodejs\node_modules\npm\bin\npm-cli.js
1 info using npm@10.5.2
2 info using node@v20.13.1
3 timing npm:load:whichnode Completed in 1ms
4 timing config:load:defaults Completed in 1ms
5 timing config:load:file:C:\Program Files\nodejs\node_modules\npm\npmrc Completed in 2ms
6 timing config:load:builtin Completed in 2ms
7 timing config:load:cli Completed in 2ms
8 timing config:load:env Completed in 1ms
9 timing config:load:file:D:\vraj dudhat\.npmrc Completed in 0ms
10 timing config:load:project Completed in 3ms
11 timing config:load:file:C:\Users\student\.npmrc Completed in 1ms
12 timing config:load:user Completed in 1ms
13 timing config:load:file:C:\Users\student\AppData\Roaming\npm\etc\npmrc Completed in 0ms
14 timing config:load:global Completed in 0ms
15 timing config:load:setEnvs Completed in 1ms
16 timing config:load Completed in 11ms
17 timing npm:load:configload Completed in 11ms
18 timing config:load:flatten Completed in 2ms
19 timing npm:load:mkdirpcache Completed in 1ms
20 timing npm:load:mkdirplogs Completed in 0ms
21 verbose title npm exec create-react-app my-app
22 verbose argv "exec" "--" "create-react-app" "my-app"
23 timing npm:load:setTitle Completed in 1ms
24 timing npm:load:display Completed in 1ms
25 verbose logfile logs-max:10 dir:C:\Users\student\AppData\Local\npm-cache\_logs\2024-12-07T04_36_26_688Z-
26 verbose logfile C:\Users\student\AppData\Local\npm-cache\_logs\2024-12-07T04_36_26_688Z-debug-0.log
27 timing npm:load:logFile Completed in 2ms
28 timing npm:load:timers Completed in 0ms
29 timing npm:load:configScope Completed in 0ms
30 timing npm:load Completed in 40ms
31 silly logfile done cleaning log files
32 timing arborist:ctor Completed in 1ms
33 http fetch GET 200 https://registry.npmjs.org/create-react-app 433ms (cache revalidated)
34 timing arborist:ctor Completed in 0ms
35 timing arborist:ctor Completed in 0ms
36 timing arborist:ctor Completed in 0ms
37 timing idealTree:init Completed in 5ms
38 timing idealTree:userRequests Completed in 1ms
39 silly idealTree buildDeps
40 silly fetch manifest create-react-app@5.0.1
41 http fetch GET 200 https://registry.npmjs.org/create-react-app 124ms (cache miss)
42 silly placeDep ROOT create-react-app@5.0.1 OK for:  want: 5.0.1
43 silly fetch manifest chalk@^4.1.2
44 silly fetch manifest commander@^4.1.1
45 silly fetch manifest cross-spawn@^7.0.3
46 http fetch GET 200 https://registry.npmjs.org/chalk 96ms (cache miss)
47 silly fetch manifest envinfo@^7.8.1
48 http fetch GET 200 https://registry.npmjs.org/envinfo 100ms (cache miss)
49 silly fetch manifest fs-extra@^10.0.0
50 http fetch GET 200 https://registry.npmjs.org/cross-spawn 264ms (cache miss)
51 silly fetch manifest hyperquest@^2.1.3
52 http fetch GET 200 https://registry.npmjs.org/fs-extra 105ms (cache miss)
53 silly fetch manifest prompts@^2.4.2
54 http fetch GET 200 https://registry.npmjs.org/commander 365ms (cache miss)
55 silly fetch manifest semver@^7.3.5
56 http fetch GET 200 https://registry.npmjs.org/hyperquest 102ms (cache miss)
57 silly fetch manifest tar-pack@^3.4.1
58 http fetch GET 200 https://registry.npmjs.org/prompts 88ms (cache miss)
59 silly fetch manifest tmp@^0.2.1
60 http fetch GET 200 https://registry.npmjs.org/tar-pack 79ms (cache miss)
61 silly fetch manifest validate-npm-package-name@^3.0.0
62 http fetch GET 200 https://registry.npmjs.org/semver 102ms (cache miss)
63 http fetch GET 200 https://registry.npmjs.org/tmp 82ms (cache miss)
64 http fetch GET 200 https://registry.npmjs.org/validate-npm-package-name 77ms (cache miss)
65 timing idealTree:#root Completed in 666ms
66 silly placeDep ROOT chalk@4.1.2 OK for: create-react-app@5.0.1 want: ^4.1.2
67 silly placeDep ROOT commander@4.1.1 OK for: create-react-app@5.0.1 want: ^4.1.1
68 silly placeDep ROOT cross-spawn@7.0.6 OK for: create-react-app@5.0.1 want: ^7.0.3
69 silly placeDep ROOT envinfo@7.14.0 OK for: create-react-app@5.0.1 want: ^7.8.1
70 silly placeDep ROOT fs-extra@10.1.0 OK for: create-react-app@5.0.1 want: ^10.0.0
71 silly placeDep ROOT hyperquest@2.1.3 OK for: create-react-app@5.0.1 want: ^2.1.3
72 silly placeDep ROOT prompts@2.4.2 OK for: create-react-app@5.0.1 want: ^2.4.2
73 silly placeDep ROOT semver@7.6.3 OK for: create-react-app@5.0.1 want: ^7.3.5
74 silly placeDep ROOT tar-pack@3.4.1 OK for: create-react-app@5.0.1 want: ^3.4.1
75 silly placeDep ROOT tmp@0.2.3 OK for: create-react-app@5.0.1 want: ^0.2.1
76 silly placeDep ROOT validate-npm-package-name@3.0.0 OK for: create-react-app@5.0.1 want: ^3.0.0
77 silly fetch manifest ansi-styles@^4.1.0
78 silly fetch manifest supports-color@^7.1.0
79 silly fetch manifest which@^2.0.1
80 http fetch GET 200 https://registry.npmjs.org/which 82ms (cache miss)
81 silly fetch manifest path-key@^3.1.0
82 http fetch GET 200 https://registry.npmjs.org/supports-color 91ms (cache miss)
83 silly fetch manifest shebang-command@^2.0.0
84 http fetch GET 200 https://registry.npmjs.org/ansi-styles 101ms (cache miss)
85 silly fetch manifest jsonfile@^6.0.1
86 http fetch GET 200 https://registry.npmjs.org/path-key 79ms (cache miss)
87 silly fetch manifest graceful-fs@^4.2.0
88 http fetch GET 200 https://registry.npmjs.org/shebang-command 83ms (cache miss)
89 silly fetch manifest universalify@^2.0.0
90 http fetch GET 200 https://registry.npmjs.org/jsonfile 107ms (cache miss)
91 silly fetch manifest buffer-from@^0.1.1
92 http fetch GET 200 https://registry.npmjs.org/graceful-fs 82ms (cache miss)
93 silly fetch manifest duplexer2@~0.0.2
94 http fetch GET 200 https://registry.npmjs.org/universalify 83ms (cache miss)
95 silly fetch manifest through2@~0.6.3
96 http fetch GET 200 https://registry.npmjs.org/buffer-from 100ms (cache miss)
97 silly fetch manifest kleur@^3.0.3
98 http fetch GET 200 https://registry.npmjs.org/duplexer2 76ms (cache miss)
99 silly fetch manifest sisteransi@^1.0.5
100 http fetch GET 200 https://registry.npmjs.org/through2 113ms (cache miss)
101 silly fetch manifest debug@^2.2.0
102 http fetch GET 200 https://registry.npmjs.org/sisteransi 74ms (cache miss)
103 silly fetch manifest fstream@^1.0.10
104 http fetch GET 200 https://registry.npmjs.org/kleur 100ms (cache miss)
105 silly fetch manifest fstream-ignore@^1.0.5
106 http fetch GET 200 https://registry.npmjs.org/debug 87ms (cache miss)
107 silly fetch manifest once@^1.3.3
108 http fetch GET 200 https://registry.npmjs.org/fstream 79ms (cache miss)
109 silly fetch manifest readable-stream@^2.1.4
110 http fetch GET 200 https://registry.npmjs.org/fstream-ignore 98ms (cache miss)
111 silly fetch manifest rimraf@^2.5.1
112 http fetch GET 200 https://registry.npmjs.org/once 87ms (cache miss)
113 silly fetch manifest tar@^2.2.1
114 http fetch GET 200 https://registry.npmjs.org/readable-stream 81ms (cache miss)
115 silly fetch manifest uid-number@^0.0.6
116 http fetch GET 200 https://registry.npmjs.org/rimraf 99ms (cache miss)
117 silly fetch manifest builtins@^1.0.3
118 http fetch GET 200 https://registry.npmjs.org/uid-number 79ms (cache miss)
119 http fetch GET 200 https://registry.npmjs.org/tar 93ms (cache miss)
120 http fetch GET 200 https://registry.npmjs.org/builtins 118ms (cache miss)
121 timing idealTree:node_modules/create-react-app Completed in 749ms
122 silly placeDep ROOT ansi-styles@4.3.0 OK for: chalk@4.1.2 want: ^4.1.0
123 silly placeDep ROOT supports-color@7.2.0 OK for: chalk@4.1.2 want: ^7.1.0
124 silly fetch manifest color-convert@^2.0.1
125 silly fetch manifest has-flag@^4.0.0
126 http fetch GET 200 https://registry.npmjs.org/color-convert 76ms (cache miss)
127 http fetch GET 200 https://registry.npmjs.org/has-flag 83ms (cache miss)
128 timing idealTree:node_modules/chalk Completed in 88ms
129 silly placeDep ROOT color-convert@2.0.1 OK for: ansi-styles@4.3.0 want: ^2.0.1
130 silly fetch manifest color-name@~1.1.4
131 http fetch GET 200 https://registry.npmjs.org/color-name 99ms (cache miss)
132 timing idealTree:node_modules/ansi-styles Completed in 102ms
133 silly placeDep ROOT color-name@1.1.4 OK for: color-convert@2.0.1 want: ~1.1.4
134 timing idealTree:node_modules/color-convert Completed in 2ms
135 timing idealTree:node_modules/color-name Completed in 0ms
136 timing idealTree:node_modules/commander Completed in 1ms
137 silly placeDep ROOT path-key@3.1.1 OK for: cross-spawn@7.0.6 want: ^3.1.0
138 silly placeDep ROOT shebang-command@2.0.0 OK for: cross-spawn@7.0.6 want: ^2.0.0
139 silly placeDep ROOT which@2.0.2 OK for: cross-spawn@7.0.6 want: ^2.0.1
140 silly fetch manifest shebang-regex@^3.0.0
141 silly fetch manifest isexe@^2.0.0
142 http fetch GET 200 https://registry.npmjs.org/shebang-regex 72ms (cache miss)
143 http fetch GET 200 https://registry.npmjs.org/isexe 85ms (cache miss)
144 timing idealTree:node_modules/cross-spawn Completed in 89ms
145 timing idealTree:node_modules/envinfo Completed in 0ms
146 silly placeDep ROOT graceful-fs@4.2.11 OK for: fs-extra@10.1.0 want: ^4.2.0
147 silly placeDep ROOT jsonfile@6.1.0 OK for: fs-extra@10.1.0 want: ^6.0.1
148 silly placeDep ROOT universalify@2.0.1 OK for: fs-extra@10.1.0 want: ^2.0.0
149 timing idealTree:node_modules/fs-extra Completed in 3ms
150 timing idealTree:node_modules/graceful-fs Completed in 0ms
151 silly placeDep ROOT buffer-from@0.1.2 OK for: hyperquest@2.1.3 want: ^0.1.1
152 silly placeDep ROOT duplexer2@0.0.2 OK for: hyperquest@2.1.3 want: ~0.0.2
153 silly placeDep ROOT through2@0.6.5 OK for: hyperquest@2.1.3 want: ~0.6.3
154 silly fetch manifest readable-stream@~1.1.9
155 silly fetch manifest readable-stream@>=1.0.33-1 <1.1.0-0
156 silly fetch manifest xtend@>=4.0.0 <4.1.0-0
157 http fetch GET 200 https://registry.npmjs.org/xtend 96ms (cache miss)
158 timing idealTree:node_modules/hyperquest Completed in 103ms
159 timing idealTree:node_modules/buffer-from Completed in 1ms
160 silly placeDep ROOT readable-stream@1.1.14 OK for: duplexer2@0.0.2 want: ~1.1.9
161 silly fetch manifest core-util-is@~1.0.0
162 silly fetch manifest isarray@0.0.1
163 silly fetch manifest string_decoder@~0.10.x
164 http fetch GET 200 https://registry.npmjs.org/core-util-is 93ms (cache miss)
165 silly fetch manifest inherits@~2.0.1
166 http fetch GET 200 https://registry.npmjs.org/isarray 105ms (cache miss)
167 http fetch GET 200 https://registry.npmjs.org/string_decoder 110ms (cache miss)
168 http fetch GET 200 https://registry.npmjs.org/inherits 86ms (cache miss)
169 timing idealTree:node_modules/duplexer2 Completed in 187ms
170 timing idealTree:node_modules/jsonfile Completed in 0ms
171 timing idealTree:node_modules/path-key Completed in 0ms
172 silly placeDep ROOT kleur@3.0.3 OK for: prompts@2.4.2 want: ^3.0.3
173 silly placeDep ROOT sisteransi@1.0.5 OK for: prompts@2.4.2 want: ^1.0.5
174 timing idealTree:node_modules/prompts Completed in 5ms
175 timing idealTree:node_modules/kleur Completed in 0ms
176 silly placeDep ROOT core-util-is@1.0.3 OK for: readable-stream@1.1.14 want: ~1.0.0
177 silly placeDep ROOT inherits@2.0.4 OK for: readable-stream@1.1.14 want: ~2.0.1
178 silly placeDep ROOT isarray@0.0.1 OK for: readable-stream@1.1.14 want: 0.0.1
179 silly placeDep ROOT string_decoder@0.10.31 OK for: readable-stream@1.1.14 want: ~0.10.x
180 timing idealTree:node_modules/readable-stream Completed in 7ms
181 timing idealTree:node_modules/core-util-is Completed in 0ms
182 timing idealTree:node_modules/inherits Completed in 0ms
183 timing idealTree:node_modules/isarray Completed in 0ms
184 timing idealTree:node_modules/semver Completed in 0ms
185 silly placeDep ROOT shebang-regex@3.0.0 OK for: shebang-command@2.0.0 want: ^3.0.0
186 timing idealTree:node_modules/shebang-command Completed in 3ms
187 timing idealTree:node_modules/shebang-regex Completed in 0ms
188 timing idealTree:node_modules/sisteransi Completed in 0ms
189 timing idealTree:node_modules/string_decoder Completed in 0ms
190 silly placeDep ROOT has-flag@4.0.0 OK for: supports-color@7.2.0 want: ^4.0.0
191 timing idealTree:node_modules/supports-color Completed in 2ms
192 timing idealTree:node_modules/has-flag Completed in 0ms
193 silly placeDep ROOT debug@2.6.9 OK for: tar-pack@3.4.1 want: ^2.2.0
194 silly placeDep ROOT fstream@1.0.12 OK for: tar-pack@3.4.1 want: ^1.0.10
195 silly placeDep ROOT fstream-ignore@1.0.5 OK for: tar-pack@3.4.1 want: ^1.0.5
196 silly placeDep ROOT once@1.4.0 OK for: tar-pack@3.4.1 want: ^1.3.3
197 silly placeDep node_modules/tar-pack readable-stream@2.3.8 OK for: tar-pack@3.4.1 want: ^2.1.4
198 silly placeDep ROOT rimraf@2.7.1 OK for: tar-pack@3.4.1 want: ^2.5.1
199 silly placeDep ROOT tar@2.2.2 OK for: tar-pack@3.4.1 want: ^2.2.1
200 silly placeDep ROOT uid-number@0.0.6 OK for: tar-pack@3.4.1 want: ^0.0.6
201 silly fetch manifest ms@2.0.0
202 silly fetch manifest mkdirp@>=0.5 0
203 silly fetch manifest rimraf@2
204 silly fetch manifest minimatch@^3.0.0
205 http fetch GET 200 https://registry.npmjs.org/ms 88ms (cache miss)
206 silly fetch manifest wrappy@1
207 http fetch GET 200 https://registry.npmjs.org/minimatch 91ms (cache miss)
208 silly fetch manifest isarray@~1.0.0
209 silly fetch manifest process-nextick-args@~2.0.0
210 http fetch GET 200 https://registry.npmjs.org/mkdirp 108ms (cache miss)
211 silly fetch manifest safe-buffer@~5.1.1
212 http fetch GET 200 https://registry.npmjs.org/wrappy 80ms (cache miss)
213 silly fetch manifest string_decoder@~1.1.1
214 silly fetch manifest util-deprecate@~1.0.1
215 http fetch GET 200 https://registry.npmjs.org/process-nextick-args 94ms (cache miss)
216 silly fetch manifest glob@^7.1.3
217 http fetch GET 200 https://registry.npmjs.org/safe-buffer 96ms (cache miss)
218 silly fetch manifest block-stream@*
219 http fetch GET 200 https://registry.npmjs.org/util-deprecate 75ms (cache miss)
220 http fetch GET 200 https://registry.npmjs.org/glob 99ms (cache miss)
221 http fetch GET 200 https://registry.npmjs.org/block-stream 114ms (cache miss)
222 timing idealTree:node_modules/tar-pack Completed in 336ms
223 silly placeDep ROOT ms@2.0.0 OK for: debug@2.6.9 want: 2.0.0
224 timing idealTree:node_modules/debug Completed in 1ms
225 silly placeDep ROOT mkdirp@0.5.6 OK for: fstream@1.0.12 want: >=0.5 0
226 silly fetch manifest minimist@^1.2.6
227 http fetch GET 200 https://registry.npmjs.org/minimist 91ms (cache miss)
228 timing idealTree:node_modules/fstream Completed in 97ms
229 silly placeDep ROOT minimatch@3.1.2 OK for: fstream-ignore@1.0.5 want: ^3.0.0
230 silly fetch manifest brace-expansion@^1.1.7
231 http fetch GET 200 https://registry.npmjs.org/brace-expansion 94ms (cache miss)
232 timing idealTree:node_modules/fstream-ignore Completed in 101ms
233 silly placeDep ROOT brace-expansion@1.1.11 OK for: minimatch@3.1.2 want: ^1.1.7
234 silly fetch manifest balanced-match@^1.0.0
235 silly fetch manifest concat-map@0.0.1
236 http fetch GET 200 https://registry.npmjs.org/concat-map 84ms (cache miss)
237 http fetch GET 200 https://registry.npmjs.org/balanced-match 109ms (cache miss)
238 timing idealTree:node_modules/minimatch Completed in 116ms
239 silly placeDep ROOT balanced-match@1.0.2 OK for: brace-expansion@1.1.11 want: ^1.0.0
240 silly placeDep ROOT concat-map@0.0.1 OK for: brace-expansion@1.1.11 want: 0.0.1
241 timing idealTree:node_modules/brace-expansion Completed in 4ms
242 timing idealTree:node_modules/balanced-match Completed in 0ms
243 timing idealTree:node_modules/concat-map Completed in 0ms
244 silly placeDep ROOT minimist@1.2.8 OK for: mkdirp@0.5.6 want: ^1.2.6
245 timing idealTree:node_modules/mkdirp Completed in 2ms
246 timing idealTree:node_modules/minimist Completed in 0ms
247 timing idealTree:node_modules/ms Completed in 0ms
248 silly placeDep ROOT wrappy@1.0.2 OK for: once@1.4.0 want: 1
249 timing idealTree:node_modules/once Completed in 1ms
250 silly placeDep ROOT glob@7.2.3 OK for: rimraf@2.7.1 want: ^7.1.3
251 silly fetch manifest inflight@^1.0.4
252 silly fetch manifest fs.realpath@^1.0.0
253 silly fetch manifest path-is-absolute@^1.0.0
254 http fetch GET 200 https://registry.npmjs.org/fs.realpath 83ms (cache miss)
255 http fetch GET 200 https://registry.npmjs.org/inflight 86ms (cache miss)
256 http fetch GET 200 https://registry.npmjs.org/path-is-absolute 97ms (cache miss)
257 timing idealTree:node_modules/rimraf Completed in 103ms
258 silly placeDep ROOT fs.realpath@1.0.0 OK for: glob@7.2.3 want: ^1.0.0
259 silly placeDep ROOT inflight@1.0.6 OK for: glob@7.2.3 want: ^1.0.4
260 silly placeDep ROOT path-is-absolute@1.0.1 OK for: glob@7.2.3 want: ^1.0.0
261 timing idealTree:node_modules/glob Completed in 4ms
262 timing idealTree:node_modules/fs.realpath Completed in 0ms
263 timing idealTree:node_modules/inflight Completed in 0ms
264 timing idealTree:node_modules/path-is-absolute Completed in 0ms
265 silly placeDep ROOT block-stream@0.0.9 OK for: tar@2.2.2 want: *
266 timing idealTree:node_modules/tar Completed in 2ms
267 timing idealTree:node_modules/block-stream Completed in 0ms
268 silly placeDep node_modules/through2 readable-stream@1.0.34 OK for: through2@0.6.5 want: >=1.0.33-1 <1.1.0-0
269 silly placeDep ROOT xtend@4.0.2 OK for: through2@0.6.5 want: >=4.0.0 <4.1.0-0
270 timing idealTree:node_modules/through2 Completed in 2ms
271 timing idealTree:node_modules/tmp Completed in 0ms
272 timing idealTree:node_modules/uid-number Completed in 0ms
273 timing idealTree:node_modules/universalify Completed in 0ms
274 silly placeDep ROOT builtins@1.0.3 OK for: validate-npm-package-name@3.0.0 want: ^1.0.3
275 timing idealTree:node_modules/validate-npm-package-name Completed in 1ms
276 timing idealTree:node_modules/builtins Completed in 0ms
277 silly placeDep ROOT isexe@2.0.0 OK for: which@2.0.2 want: ^2.0.0
278 timing idealTree:node_modules/which Completed in 1ms
279 timing idealTree:node_modules/isexe Completed in 0ms
280 timing idealTree:node_modules/wrappy Completed in 0ms
281 timing idealTree:node_modules/xtend Completed in 0ms
282 silly placeDep node_modules/tar-pack isarray@1.0.0 OK for: readable-stream@2.3.8 want: ~1.0.0
283 silly placeDep ROOT process-nextick-args@2.0.1 OK for: readable-stream@2.3.8 want: ~2.0.0
284 silly placeDep ROOT safe-buffer@5.1.2 OK for: readable-stream@2.3.8 want: ~5.1.1
285 silly placeDep node_modules/tar-pack string_decoder@1.1.1 OK for: readable-stream@2.3.8 want: ~1.1.1
286 silly placeDep ROOT util-deprecate@1.0.2 OK for: readable-stream@2.3.8 want: ~1.0.1
287 timing idealTree:node_modules/tar-pack/node_modules/readable-stream Completed in 7ms
288 timing idealTree:node_modules/process-nextick-args Completed in 0ms
289 timing idealTree:node_modules/safe-buffer Completed in 0ms
290 timing idealTree:node_modules/util-deprecate Completed in 0ms
291 timing idealTree:node_modules/tar-pack/node_modules/isarray Completed in 0ms
292 timing idealTree:node_modules/tar-pack/node_modules/string_decoder Completed in 0ms
293 timing idealTree:node_modules/through2/node_modules/readable-stream Completed in 0ms
294 timing idealTree:buildDeps Completed in 2793ms
295 timing idealTree:fixDepFlags Completed in 0ms
296 timing idealTree Completed in 2800ms
297 timing reify:loadTrees Completed in 2801ms
298 timing reify:diffTrees Completed in 2ms
299 silly reify moves {}
300 timing reify:retireShallow Completed in 1ms
301 timing reify:createSparse Completed in 18ms
302 timing reify:loadBundles Completed in 0ms
303 silly audit bulk request {
303 silly audit   'create-react-app': [ '5.0.1' ],
303 silly audit   chalk: [ '4.1.2' ],
303 silly audit   commander: [ '4.1.1' ],
303 silly audit   'cross-spawn': [ '7.0.6' ],
303 silly audit   envinfo: [ '7.14.0' ],
303 silly audit   'fs-extra': [ '10.1.0' ],
303 silly audit   hyperquest: [ '2.1.3' ],
303 silly audit   prompts: [ '2.4.2' ],
303 silly audit   semver: [ '7.6.3' ],
303 silly audit   'tar-pack': [ '3.4.1' ],
303 silly audit   tmp: [ '0.2.3' ],
303 silly audit   'validate-npm-package-name': [ '3.0.0' ],
303 silly audit   'ansi-styles': [ '4.3.0' ],
303 silly audit   'supports-color': [ '7.2.0' ],
303 silly audit   'color-convert': [ '2.0.1' ],
303 silly audit   'color-name': [ '1.1.4' ],
303 silly audit   'path-key': [ '3.1.1' ],
303 silly audit   'shebang-command': [ '2.0.0' ],
303 silly audit   which: [ '2.0.2' ],
303 silly audit   'graceful-fs': [ '4.2.11' ],
303 silly audit   jsonfile: [ '6.1.0' ],
303 silly audit   universalify: [ '2.0.1' ],
303 silly audit   'buffer-from': [ '0.1.2' ],
303 silly audit   duplexer2: [ '0.0.2' ],
303 silly audit   through2: [ '0.6.5' ],
303 silly audit   'readable-stream': [ '1.1.14', '2.3.8', '1.0.34' ],
303 silly audit   kleur: [ '3.0.3' ],
303 silly audit   sisteransi: [ '1.0.5' ],
303 silly audit   'core-util-is': [ '1.0.3' ],
303 silly audit   inherits: [ '2.0.4' ],
303 silly audit   isarray: [ '0.0.1', '1.0.0' ],
303 silly audit   string_decoder: [ '0.10.31', '1.1.1' ],
303 silly audit   'shebang-regex': [ '3.0.0' ],
303 silly audit   'has-flag': [ '4.0.0' ],
303 silly audit   debug: [ '2.6.9' ],
303 silly audit   fstream: [ '1.0.12' ],
303 silly audit   'fstream-ignore': [ '1.0.5' ],
303 silly audit   once: [ '1.4.0' ],
303 silly audit   rimraf: [ '2.7.1' ],
303 silly audit   tar: [ '2.2.2' ],
303 silly audit   'uid-number': [ '0.0.6' ],
303 silly audit   ms: [ '2.0.0' ],
303 silly audit   mkdirp: [ '0.5.6' ],
303 silly audit   minimatch: [ '3.1.2' ],
303 silly audit   'brace-expansion': [ '1.1.11' ],
303 silly audit   'balanced-match': [ '1.0.2' ],
303 silly audit   'concat-map': [ '0.0.1' ],
303 silly audit   minimist: [ '1.2.8' ],
303 silly audit   wrappy: [ '1.0.2' ],
303 silly audit   glob: [ '7.2.3' ],
303 silly audit   'fs.realpath': [ '1.0.0' ],
303 silly audit   inflight: [ '1.0.6' ],
303 silly audit   'path-is-absolute': [ '1.0.1' ],
303 silly audit   'block-stream': [ '0.0.9' ],
303 silly audit   xtend: [ '4.0.2' ],
303 silly audit   builtins: [ '1.0.3' ],
303 silly audit   isexe: [ '2.0.0' ],
303 silly audit   'process-nextick-args': [ '2.0.1' ],
303 silly audit   'safe-buffer': [ '5.1.2' ],
303 silly audit   'util-deprecate': [ '1.0.2' ]
303 silly audit }
304 silly tarball no local data for util-deprecate@https://registry.npmjs.org/util-deprecate/-/util-deprecate-1.0.2.tgz. Extracting by manifest.
305 silly tarball no local data for safe-buffer@https://registry.npmjs.org/safe-buffer/-/safe-buffer-5.1.2.tgz. Extracting by manifest.
306 silly tarball no local data for isexe@https://registry.npmjs.org/isexe/-/isexe-2.0.0.tgz. Extracting by manifest.
307 silly tarball no local data for process-nextick-args@https://registry.npmjs.org/process-nextick-args/-/process-nextick-args-2.0.1.tgz. Extracting by manifest.
308 silly tarball no local data for builtins@https://registry.npmjs.org/builtins/-/builtins-1.0.3.tgz. Extracting by manifest.
309 silly tarball no local data for xtend@https://registry.npmjs.org/xtend/-/xtend-4.0.2.tgz. Extracting by manifest.
310 silly tarball no local data for block-stream@https://registry.npmjs.org/block-stream/-/block-stream-0.0.9.tgz. Extracting by manifest.
311 silly tarball no local data for path-is-absolute@https://registry.npmjs.org/path-is-absolute/-/path-is-absolute-1.0.1.tgz. Extracting by manifest.
312 silly tarball no local data for inflight@https://registry.npmjs.org/inflight/-/inflight-1.0.6.tgz. Extracting by manifest.
313 silly tarball no local data for fs.realpath@https://registry.npmjs.org/fs.realpath/-/fs.realpath-1.0.0.tgz. Extracting by manifest.
314 silly tarball no local data for wrappy@https://registry.npmjs.org/wrappy/-/wrappy-1.0.2.tgz. Extracting by manifest.
315 silly tarball no local data for glob@https://registry.npmjs.org/glob/-/glob-7.2.3.tgz. Extracting by manifest.
316 silly tarball no local data for minimist@https://registry.npmjs.org/minimist/-/minimist-1.2.8.tgz. Extracting by manifest.
317 silly tarball no local data for concat-map@https://registry.npmjs.org/concat-map/-/concat-map-0.0.1.tgz. Extracting by manifest.
318 silly tarball no local data for balanced-match@https://registry.npmjs.org/balanced-match/-/balanced-match-1.0.2.tgz. Extracting by manifest.
319 silly tarball no local data for brace-expansion@https://registry.npmjs.org/brace-expansion/-/brace-expansion-1.1.11.tgz. Extracting by manifest.
320 silly tarball no local data for minimatch@https://registry.npmjs.org/minimatch/-/minimatch-3.1.2.tgz. Extracting by manifest.
321 silly tarball no local data for ms@https://registry.npmjs.org/ms/-/ms-2.0.0.tgz. Extracting by manifest.
322 silly tarball no local data for mkdirp@https://registry.npmjs.org/mkdirp/-/mkdirp-0.5.6.tgz. Extracting by manifest.
323 silly tarball no local data for tar@https://registry.npmjs.org/tar/-/tar-2.2.2.tgz. Extracting by manifest.
324 silly tarball no local data for uid-number@https://registry.npmjs.org/uid-number/-/uid-number-0.0.6.tgz. Extracting by manifest.
325 silly tarball no local data for once@https://registry.npmjs.org/once/-/once-1.4.0.tgz. Extracting by manifest.
326 silly tarball no local data for fstream-ignore@https://registry.npmjs.org/fstream-ignore/-/fstream-ignore-1.0.5.tgz. Extracting by manifest.
327 silly tarball no local data for fstream@https://registry.npmjs.org/fstream/-/fstream-1.0.12.tgz. Extracting by manifest.
328 silly tarball no local data for debug@https://registry.npmjs.org/debug/-/debug-2.6.9.tgz. Extracting by manifest.
329 silly tarball no local data for has-flag@https://registry.npmjs.org/has-flag/-/has-flag-4.0.0.tgz. Extracting by manifest.
330 silly tarball no local data for rimraf@https://registry.npmjs.org/rimraf/-/rimraf-2.7.1.tgz. Extracting by manifest.
331 silly tarball no local data for shebang-regex@https://registry.npmjs.org/shebang-regex/-/shebang-regex-3.0.0.tgz. Extracting by manifest.
332 silly tarball no local data for string_decoder@https://registry.npmjs.org/string_decoder/-/string_decoder-0.10.31.tgz. Extracting by manifest.
333 silly tarball no local data for isarray@https://registry.npmjs.org/isarray/-/isarray-0.0.1.tgz. Extracting by manifest.
334 silly tarball no local data for inherits@https://registry.npmjs.org/inherits/-/inherits-2.0.4.tgz. Extracting by manifest.
335 silly tarball no local data for core-util-is@https://registry.npmjs.org/core-util-is/-/core-util-is-1.0.3.tgz. Extracting by manifest.
336 silly tarball no local data for sisteransi@https://registry.npmjs.org/sisteransi/-/sisteransi-1.0.5.tgz. Extracting by manifest.
337 silly tarball no local data for kleur@https://registry.npmjs.org/kleur/-/kleur-3.0.3.tgz. Extracting by manifest.
338 silly tarball no local data for readable-stream@https://registry.npmjs.org/readable-stream/-/readable-stream-1.1.14.tgz. Extracting by manifest.
339 silly tarball no local data for through2@https://registry.npmjs.org/through2/-/through2-0.6.5.tgz. Extracting by manifest.
340 silly tarball no local data for duplexer2@https://registry.npmjs.org/duplexer2/-/duplexer2-0.0.2.tgz. Extracting by manifest.
341 silly tarball no local data for buffer-from@https://registry.npmjs.org/buffer-from/-/buffer-from-0.1.2.tgz. Extracting by manifest.
342 silly tarball no local data for universalify@https://registry.npmjs.org/universalify/-/universalify-2.0.1.tgz. Extracting by manifest.
343 silly tarball no local data for jsonfile@https://registry.npmjs.org/jsonfile/-/jsonfile-6.1.0.tgz. Extracting by manifest.
344 silly tarball no local data for graceful-fs@https://registry.npmjs.org/graceful-fs/-/graceful-fs-4.2.11.tgz. Extracting by manifest.
345 silly tarball no local data for which@https://registry.npmjs.org/which/-/which-2.0.2.tgz. Extracting by manifest.
346 silly tarball no local data for shebang-command@https://registry.npmjs.org/shebang-command/-/shebang-command-2.0.0.tgz. Extracting by manifest.
347 silly tarball no local data for path-key@https://registry.npmjs.org/path-key/-/path-key-3.1.1.tgz. Extracting by manifest.
348 silly tarball no local data for color-name@https://registry.npmjs.org/color-name/-/color-name-1.1.4.tgz. Extracting by manifest.
349 silly tarball no local data for color-convert@https://registry.npmjs.org/color-convert/-/color-convert-2.0.1.tgz. Extracting by manifest.
350 silly tarball no local data for supports-color@https://registry.npmjs.org/supports-color/-/supports-color-7.2.0.tgz. Extracting by manifest.
351 silly tarball no local data for ansi-styles@https://registry.npmjs.org/ansi-styles/-/ansi-styles-4.3.0.tgz. Extracting by manifest.
352 silly tarball no local data for validate-npm-package-name@https://registry.npmjs.org/validate-npm-package-name/-/validate-npm-package-name-3.0.0.tgz. Extracting by manifest.
353 silly tarball no local data for tmp@https://registry.npmjs.org/tmp/-/tmp-0.2.3.tgz. Extracting by manifest.
354 silly tarball no local data for tar-pack@https://registry.npmjs.org/tar-pack/-/tar-pack-3.4.1.tgz. Extracting by manifest.
355 silly tarball no local data for prompts@https://registry.npmjs.org/prompts/-/prompts-2.4.2.tgz. Extracting by manifest.
356 silly tarball no local data for semver@https://registry.npmjs.org/semver/-/semver-7.6.3.tgz. Extracting by manifest.
357 silly tarball no local data for hyperquest@https://registry.npmjs.org/hyperquest/-/hyperquest-2.1.3.tgz. Extracting by manifest.
358 silly tarball no local data for fs-extra@https://registry.npmjs.org/fs-extra/-/fs-extra-10.1.0.tgz. Extracting by manifest.
359 silly tarball no local data for envinfo@https://registry.npmjs.org/envinfo/-/envinfo-7.14.0.tgz. Extracting by manifest.
360 silly tarball no local data for cross-spawn@https://registry.npmjs.org/cross-spawn/-/cross-spawn-7.0.6.tgz. Extracting by manifest.
361 silly tarball no local data for commander@https://registry.npmjs.org/commander/-/commander-4.1.1.tgz. Extracting by manifest.
362 silly tarball no local data for chalk@https://registry.npmjs.org/chalk/-/chalk-4.1.2.tgz. Extracting by manifest.
363 silly tarball no local data for create-react-app@https://registry.npmjs.org/create-react-app/-/create-react-app-5.0.1.tgz. Extracting by manifest.
364 silly tarball no local data for readable-stream@https://registry.npmjs.org/readable-stream/-/readable-stream-1.0.34.tgz. Extracting by manifest.
365 silly tarball no local data for string_decoder@https://registry.npmjs.org/string_decoder/-/string_decoder-1.1.1.tgz. Extracting by manifest.
366 silly tarball no local data for isarray@https://registry.npmjs.org/isarray/-/isarray-1.0.0.tgz. Extracting by manifest.
367 silly tarball no local data for readable-stream@https://registry.npmjs.org/readable-stream/-/readable-stream-2.3.8.tgz. Extracting by manifest.
368 http fetch GET 200 https://registry.npmjs.org/util-deprecate/-/util-deprecate-1.0.2.tgz 155ms (cache miss)
369 timing reifyNode:node_modules/util-deprecate Completed in 190ms
370 http fetch GET 200 https://registry.npmjs.org/safe-buffer/-/safe-buffer-5.1.2.tgz 163ms (cache miss)
371 timing reifyNode:node_modules/safe-buffer Completed in 195ms
372 http fetch GET 200 https://registry.npmjs.org/balanced-match/-/balanced-match-1.0.2.tgz 216ms (cache miss)
373 timing reifyNode:node_modules/balanced-match Completed in 258ms
374 http fetch GET 200 https://registry.npmjs.org/brace-expansion/-/brace-expansion-1.1.11.tgz 233ms (cache miss)
375 timing reifyNode:node_modules/brace-expansion Completed in 280ms
376 http fetch GET 200 https://registry.npmjs.org/minimatch/-/minimatch-3.1.2.tgz 292ms (cache miss)
377 http fetch GET 200 https://registry.npmjs.org/builtins/-/builtins-1.0.3.tgz 309ms (cache miss)
378 timing reifyNode:node_modules/minimatch Completed in 341ms
379 timing reifyNode:node_modules/builtins Completed in 341ms
380 http fetch GET 200 https://registry.npmjs.org/xtend/-/xtend-4.0.2.tgz 326ms (cache miss)
381 timing reifyNode:node_modules/xtend Completed in 359ms
382 http fetch GET 200 https://registry.npmjs.org/wrappy/-/wrappy-1.0.2.tgz 327ms (cache miss)
383 timing reifyNode:node_modules/wrappy Completed in 367ms
384 http fetch GET 200 https://registry.npmjs.org/ms/-/ms-2.0.0.tgz 331ms (cache miss)
385 timing reifyNode:node_modules/ms Completed in 378ms
386 http fetch GET 200 https://registry.npmjs.org/path-is-absolute/-/path-is-absolute-1.0.1.tgz 348ms (cache miss)
387 timing reifyNode:node_modules/path-is-absolute Completed in 382ms
388 http fetch GET 200 https://registry.npmjs.org/isexe/-/isexe-2.0.0.tgz 357ms (cache miss)
389 timing reifyNode:node_modules/isexe Completed in 389ms
390 http fetch GET 200 https://registry.npmjs.org/fs.realpath/-/fs.realpath-1.0.0.tgz 365ms (cache miss)
391 timing reifyNode:node_modules/fs.realpath Completed in 402ms
392 http fetch GET 200 https://registry.npmjs.org/process-nextick-args/-/process-nextick-args-2.0.1.tgz 378ms (cache miss)
393 timing reifyNode:node_modules/process-nextick-args Completed in 410ms
394 http fetch GET 200 https://registry.npmjs.org/mkdirp/-/mkdirp-0.5.6.tgz 364ms (cache miss)
395 http fetch GET 200 https://registry.npmjs.org/minimist/-/minimist-1.2.8.tgz 376ms (cache miss)
396 timing reifyNode:node_modules/minimist Completed in 415ms
397 timing reifyNode:node_modules/mkdirp Completed in 416ms
398 http fetch POST 200 https://registry.npmjs.org/-/npm/v1/security/advisories/bulk 490ms
399 timing auditReport:getReport Completed in 493ms
400 silly audit report {
400 silly audit report   tar: [
400 silly audit report     {
400 silly audit report       id: 1089685,
400 silly audit report       url: 'https://github.com/advisories/GHSA-3jfq-g458-7qm9',
400 silly audit report       title: 'Arbitrary File Creation/Overwrite due to insufficient absolute path sanitization',
400 silly audit report       severity: 'high',
400 silly audit report       vulnerable_versions: '<3.2.2',
400 silly audit report       cwe: [Array],
400 silly audit report       cvss: [Object]
400 silly audit report     },
400 silly audit report     {
400 silly audit report       id: 1095117,
400 silly audit report       url: 'https://github.com/advisories/GHSA-5955-9wpr-37jh',
400 silly audit report       title: 'Arbitrary File Creation/Overwrite on Windows via insufficient relative path sanitization',
400 silly audit report       severity: 'high',
400 silly audit report       vulnerable_versions: '<4.4.18',
400 silly audit report       cwe: [Array],
400 silly audit report       cvss: [Object]
400 silly audit report     },
400 silly audit report     {
400 silly audit report       id: 1097493,
400 silly audit report       url: 'https://github.com/advisories/GHSA-f5x3-32g6-xq36',
400 silly audit report       title: 'Denial of service while parsing a tar file due to lack of folders count validation',
400 silly audit report       severity: 'moderate',
400 silly audit report       vulnerable_versions: '<6.2.1',
400 silly audit report       cwe: [Array],
400 silly audit report       cvss: [Object]
400 silly audit report     }
400 silly audit report   ]
400 silly audit report }
401 timing metavuln:packument:tar Completed in 0ms
402 timing metavuln:cache:get:security-advisory:tar:Oa066nJpV2ox85F6qnk1N5eWmAmoWAMU7byYhWk4oYfHYrQ8aGHfCKRikfcy0dHDcKWKiPRc7Nz7R9fxKkj0Yw== Completed in 2ms
403 timing metavuln:load:security-advisory:tar:1089685 Completed in 3ms
404 timing metavuln:cache:get:security-advisory:tar:2lGtz15Gs28nRX11iCY/mSa25Ky4CfNVzD5qptDvtqdkLXPb/znmxdJ/4OrOyJZ2qQgFtnfxP9ee2xfimUMfuw== Completed in 5ms
405 timing metavuln:load:security-advisory:tar:1095117 Completed in 2ms
406 timing metavuln:cache:get:security-advisory:tar:xsfciMtNhQn+Vb692L8h5HEYBYUJ5Lhjy3bF//LOsKSn8tp0f1hbuDX26k9UtKJNPZjM5uuq2Cxlz3KwL19oJg== Completed in 8ms
407 timing metavuln:load:security-advisory:tar:1097493 Completed in 3ms
408 http fetch GET 200 https://registry.npmjs.org/once/-/once-1.4.0.tgz 477ms (cache miss)
409 timing reifyNode:node_modules/once Completed in 529ms
410 http fetch GET 200 https://registry.npmjs.org/uid-number/-/uid-number-0.0.6.tgz 482ms (cache miss)
411 http fetch GET 200 https://registry.npmjs.org/string_decoder/-/string_decoder-0.10.31.tgz 478ms (cache miss)
412 timing metavuln:cache:put:security-advisory:tar:2lGtz15Gs28nRX11iCY/mSa25Ky4CfNVzD5qptDvtqdkLXPb/znmxdJ/4OrOyJZ2qQgFtnfxP9ee2xfimUMfuw== Completed in 36ms
413 timing metavuln:calculate:security-advisory:tar:1095117 Completed in 44ms
414 warn deprecated uid-number@0.0.6: This package is no longer supported.
415 timing reifyNode:node_modules/uid-number Completed in 535ms
416 http fetch GET 200 https://registry.npmjs.org/inflight/-/inflight-1.0.6.tgz 501ms (cache miss)
417 warn deprecated inflight@1.0.6: This module is not supported, and leaks memory. Do not use it. Check out lru-cache if you want a good and tested way to coalesce async requests by a key value, which is much more comprehensive and powerful.
418 timing reifyNode:node_modules/inflight Completed in 537ms
419 http fetch GET 200 https://registry.npmjs.org/has-flag/-/has-flag-4.0.0.tgz 485ms (cache miss)
420 http fetch GET 200 https://registry.npmjs.org/fstream-ignore/-/fstream-ignore-1.0.5.tgz 487ms (cache miss)
421 warn deprecated fstream-ignore@1.0.5: This package is no longer supported.
422 timing reifyNode:node_modules/fstream-ignore Completed in 538ms
423 http fetch GET 200 https://registry.npmjs.org/block-stream/-/block-stream-0.0.9.tgz 506ms (cache miss)
424 timing metavuln:cache:put:security-advisory:tar:Oa066nJpV2ox85F6qnk1N5eWmAmoWAMU7byYhWk4oYfHYrQ8aGHfCKRikfcy0dHDcKWKiPRc7Nz7R9fxKkj0Yw== Completed in 45ms
425 timing metavuln:calculate:security-advisory:tar:1089685 Completed in 51ms
426 timing reifyNode:node_modules/has-flag Completed in 541ms
427 timing reifyNode:node_modules/block-stream Completed in 543ms
428 timing reifyNode:node_modules/string_decoder Completed in 549ms
429 timing metavuln:cache:put:security-advisory:tar:xsfciMtNhQn+Vb692L8h5HEYBYUJ5Lhjy3bF//LOsKSn8tp0f1hbuDX26k9UtKJNPZjM5uuq2Cxlz3KwL19oJg== Completed in 59ms
430 timing metavuln:calculate:security-advisory:tar:1097493 Completed in 70ms
431 timing metavuln:packument:tar-pack Completed in 0ms
432 timing metavuln:cache:get:security-advisory:tar-pack:3KXljJwoAr/NHejfU6kg41RmjF3Pg6M28t7ViuMjk5SYV3kYL9qyGZ417dIFb1Y8K+hhpo0sBWpskxrKhsZQzQ== Completed in 10ms
433 timing metavuln:load:security-advisory:tar-pack:Oa066nJpV2ox85F6qnk1N5eWmAmoWAMU7byYhWk4oYfHYrQ8aGHfCKRikfcy0dHDcKWKiPRc7Nz7R9fxKkj0Yw== Completed in 5ms
434 http fetch GET 200 https://registry.npmjs.org/shebang-regex/-/shebang-regex-3.0.0.tgz 521ms (cache miss)
435 timing reifyNode:node_modules/shebang-regex Completed in 574ms
436 http fetch GET 200 https://registry.npmjs.org/rimraf/-/rimraf-2.7.1.tgz 531ms (cache miss)
437 warn deprecated rimraf@2.7.1: Rimraf versions prior to v4 are no longer supported
438 timing reifyNode:node_modules/rimraf Completed in 585ms
439 http fetch GET 200 https://registry.npmjs.org/inherits/-/inherits-2.0.4.tgz 540ms (cache miss)
440 timing reifyNode:node_modules/inherits Completed in 611ms
441 http fetch GET 200 https://registry.npmjs.org/core-util-is/-/core-util-is-1.0.3.tgz 581ms (cache miss)
442 timing reifyNode:node_modules/core-util-is Completed in 636ms
443 http fetch GET 200 https://registry.npmjs.org/jsonfile/-/jsonfile-6.1.0.tgz 580ms (cache miss)
444 http fetch GET 200 https://registry.npmjs.org/isarray/-/isarray-0.0.1.tgz 587ms (cache miss)
445 http fetch GET 200 https://registry.npmjs.org/which/-/which-2.0.2.tgz 593ms (cache miss)
446 http fetch GET 200 https://registry.npmjs.org/sisteransi/-/sisteransi-1.0.5.tgz 607ms (cache miss)
447 http fetch GET 200 https://registry.npmjs.org/universalify/-/universalify-2.0.1.tgz 603ms (cache miss)
448 timing reifyNode:node_modules/universalify Completed in 663ms
449 timing metavuln:cache:put:security-advisory:tar-pack:3KXljJwoAr/NHejfU6kg41RmjF3Pg6M28t7ViuMjk5SYV3kYL9qyGZ417dIFb1Y8K+hhpo0sBWpskxrKhsZQzQ== Completed in 90ms
450 timing metavuln:calculate:security-advisory:tar-pack:Oa066nJpV2ox85F6qnk1N5eWmAmoWAMU7byYhWk4oYfHYrQ8aGHfCKRikfcy0dHDcKWKiPRc7Nz7R9fxKkj0Yw== Completed in 105ms
451 timing metavuln:packument:create-react-app Completed in 0ms
452 http fetch GET 200 https://registry.npmjs.org/buffer-from/-/buffer-from-0.1.2.tgz 605ms (cache miss)
453 timing reifyNode:node_modules/buffer-from Completed in 665ms
454 timing reifyNode:node_modules/isarray Completed in 666ms
455 timing metavuln:cache:get:security-advisory:create-react-app:BAP5sjD/UipbJVBCija12WlnlurqvRCOfkHPDCK3St763W6JIxpLfRD1F9PMmW4GEaZmK6BFkh/Pye257xPpCw== Completed in 11ms
456 timing metavuln:load:security-advisory:create-react-app:3KXljJwoAr/NHejfU6kg41RmjF3Pg6M28t7ViuMjk5SYV3kYL9qyGZ417dIFb1Y8K+hhpo0sBWpskxrKhsZQzQ== Completed in 6ms
457 http fetch GET 200 https://registry.npmjs.org/kleur/-/kleur-3.0.3.tgz 626ms (cache miss)
458 http fetch GET 200 https://registry.npmjs.org/shebang-command/-/shebang-command-2.0.0.tgz 626ms (cache miss)
459 timing reifyNode:node_modules/shebang-command Completed in 689ms
460 http fetch GET 200 https://registry.npmjs.org/through2/-/through2-0.6.5.tgz 631ms (cache miss)
461 http fetch GET 200 https://registry.npmjs.org/path-key/-/path-key-3.1.1.tgz 626ms (cache miss)
462 timing reifyNode:node_modules/sisteransi Completed in 697ms
463 http fetch GET 200 https://registry.npmjs.org/glob/-/glob-7.2.3.tgz 662ms (cache miss)
464 warn deprecated glob@7.2.3: Glob versions prior to v9 are no longer supported
465 timing reifyNode:node_modules/glob Completed in 701ms
466 timing reifyNode:node_modules/kleur Completed in 699ms
467 timing reifyNode:node_modules/path-key Completed in 714ms
468 timing reifyNode:node_modules/jsonfile Completed in 725ms
469 timing reifyNode:node_modules/through2 Completed in 725ms
470 timing reifyNode:node_modules/which Completed in 729ms
471 http fetch GET 200 https://registry.npmjs.org/concat-map/-/concat-map-0.0.1.tgz 772ms (cache miss)
472 http fetch GET 200 https://registry.npmjs.org/duplexer2/-/duplexer2-0.0.2.tgz 754ms (cache miss)
473 http fetch GET 200 https://registry.npmjs.org/color-name/-/color-name-1.1.4.tgz 750ms (cache miss)
474 timing reifyNode:node_modules/color-name Completed in 814ms
475 http fetch GET 200 https://registry.npmjs.org/supports-color/-/supports-color-7.2.0.tgz 749ms (cache miss)
476 http fetch GET 200 https://registry.npmjs.org/ansi-styles/-/ansi-styles-4.3.0.tgz 750ms (cache miss)
477 timing reifyNode:node_modules/concat-map Completed in 820ms
478 timing reifyNode:node_modules/duplexer2 Completed in 823ms
479 timing reifyNode:node_modules/supports-color Completed in 824ms
480 timing reifyNode:node_modules/ansi-styles Completed in 825ms
481 http fetch GET 200 https://registry.npmjs.org/validate-npm-package-name/-/validate-npm-package-name-3.0.0.tgz 760ms (cache miss)
482 http fetch GET 200 https://registry.npmjs.org/string_decoder/-/string_decoder-1.1.1.tgz 746ms (cache miss)
483 timing metavuln:cache:put:security-advisory:create-react-app:BAP5sjD/UipbJVBCija12WlnlurqvRCOfkHPDCK3St763W6JIxpLfRD1F9PMmW4GEaZmK6BFkh/Pye257xPpCw== Completed in 152ms
484 timing metavuln:calculate:security-advisory:create-react-app:3KXljJwoAr/NHejfU6kg41RmjF3Pg6M28t7ViuMjk5SYV3kYL9qyGZ417dIFb1Y8K+hhpo0sBWpskxrKhsZQzQ== Completed in 169ms
485 timing auditReport:init Completed in 355ms
486 timing reify:audit Completed in 850ms
487 http fetch GET 200 https://registry.npmjs.org/graceful-fs/-/graceful-fs-4.2.11.tgz 784ms (cache miss)
488 timing reifyNode:node_modules/graceful-fs Completed in 846ms
489 http fetch GET 200 https://registry.npmjs.org/create-react-app/-/create-react-app-5.0.1.tgz 766ms (cache miss)
490 http fetch GET 200 https://registry.npmjs.org/color-convert/-/color-convert-2.0.1.tgz 788ms (cache miss)
491 timing reifyNode:node_modules/create-react-app Completed in 853ms
492 timing reifyNode:node_modules/tar-pack/node_modules/string_decoder Completed in 854ms
493 timing reifyNode:node_modules/color-convert Completed in 858ms
494 http fetch GET 200 https://registry.npmjs.org/commander/-/commander-4.1.1.tgz 781ms (cache miss)
495 timing reifyNode:node_modules/commander Completed in 863ms
496 http fetch GET 200 https://registry.npmjs.org/isarray/-/isarray-1.0.0.tgz 787ms (cache miss)
497 timing reifyNode:node_modules/tar-pack/node_modules/isarray Completed in 873ms
498 timing reifyNode:node_modules/validate-npm-package-name Completed in 876ms
499 http fetch GET 200 https://registry.npmjs.org/tmp/-/tmp-0.2.3.tgz 809ms (cache miss)
500 timing reifyNode:node_modules/tmp Completed in 878ms
501 http fetch GET 200 https://registry.npmjs.org/cross-spawn/-/cross-spawn-7.0.6.tgz 801ms (cache miss)
502 http fetch GET 200 https://registry.npmjs.org/debug/-/debug-2.6.9.tgz 832ms (cache miss)
503 timing reifyNode:node_modules/debug Completed in 883ms
504 timing reifyNode:node_modules/cross-spawn Completed in 882ms
505 http fetch GET 200 https://registry.npmjs.org/chalk/-/chalk-4.1.2.tgz 807ms (cache miss)
506 timing reifyNode:node_modules/chalk Completed in 887ms
507 http fetch GET 200 https://registry.npmjs.org/tar-pack/-/tar-pack-3.4.1.tgz 816ms (cache miss)
508 http fetch GET 200 https://registry.npmjs.org/fstream/-/fstream-1.0.12.tgz 842ms (cache miss)
509 timing reifyNode:node_modules/tar-pack Completed in 893ms
510 warn deprecated fstream@1.0.12: This package is no longer supported.
511 timing reifyNode:node_modules/fstream Completed in 895ms
512 http fetch GET 200 https://registry.npmjs.org/readable-stream/-/readable-stream-1.1.14.tgz 844ms (cache miss)
513 timing reifyNode:node_modules/readable-stream Completed in 902ms
514 http fetch GET 200 https://registry.npmjs.org/envinfo/-/envinfo-7.14.0.tgz 828ms (cache miss)
515 timing reifyNode:node_modules/envinfo Completed in 906ms
516 http fetch GET 200 https://registry.npmjs.org/hyperquest/-/hyperquest-2.1.3.tgz 831ms (cache miss)
517 http fetch GET 200 https://registry.npmjs.org/readable-stream/-/readable-stream-1.0.34.tgz 828ms (cache miss)
518 timing reifyNode:node_modules/through2/node_modules/readable-stream Completed in 910ms
519 timing reifyNode:node_modules/hyperquest Completed in 909ms
520 http fetch GET 200 https://registry.npmjs.org/readable-stream/-/readable-stream-2.3.8.tgz 841ms (cache miss)
521 timing reifyNode:node_modules/tar-pack/node_modules/readable-stream Completed in 927ms
522 http fetch GET 200 https://registry.npmjs.org/fs-extra/-/fs-extra-10.1.0.tgz 869ms (cache miss)
523 timing reifyNode:node_modules/fs-extra Completed in 946ms
524 http fetch GET 200 https://registry.npmjs.org/semver/-/semver-7.6.3.tgz 883ms (cache miss)
525 timing reifyNode:node_modules/semver Completed in 959ms
526 http fetch GET 200 https://registry.npmjs.org/prompts/-/prompts-2.4.2.tgz 906ms (cache miss)
527 timing reifyNode:node_modules/prompts Completed in 980ms
528 http fetch GET 200 https://registry.npmjs.org/tar/-/tar-2.2.2.tgz 942ms (cache miss)
529 warn deprecated tar@2.2.2: This version of tar is no longer supported, and will not receive security updates. Please upgrade asap.
530 timing reifyNode:node_modules/tar Completed in 991ms
531 timing reify:unpack Completed in 993ms
532 timing reify:unretire Completed in 0ms
533 timing build:queue Completed in 2ms
534 timing build:link:node_modules/create-react-app Completed in 12ms
535 timing build:link:node_modules/envinfo Completed in 12ms
536 timing build:link:node_modules/mkdirp Completed in 11ms
537 timing build:link:node_modules/rimraf Completed in 11ms
538 timing build:link:node_modules/semver Completed in 11ms
539 timing build:link:node_modules/which Completed in 11ms
540 timing build:link Completed in 12ms
541 timing build:deps Completed in 15ms
542 timing build Completed in 15ms
543 timing reify:build Completed in 16ms
544 timing reify:trash Completed in 0ms
545 timing reify:save Completed in 28ms
546 timing reify Completed in 3883ms
547 timing command:exec Completed in 115033ms
548 verbose exit 0
549 timing npm Completed in 115527ms
550 info ok
