0 verbose cli C:\Program Files\nodejs\node.exe C:\Program Files\nodejs\node_modules\npm\bin\npm-cli.js
1 info using npm@10.5.2
2 info using node@v20.13.1
3 timing npm:load:whichnode Completed in 2ms
4 timing config:load:defaults Completed in 2ms
5 timing config:load:file:C:\Program Files\nodejs\node_modules\npm\npmrc Completed in 2ms
6 timing config:load:builtin Completed in 2ms
7 timing config:load:cli Completed in 1ms
8 timing config:load:env Completed in 1ms
9 timing config:load:file:D:\vraj dudhat\.npmrc Completed in 0ms
10 timing config:load:project Completed in 2ms
11 timing config:load:file:C:\Users\student\.npmrc Completed in 0ms
12 timing config:load:user Completed in 0ms
13 timing config:load:file:C:\Users\student\AppData\Roaming\npm\etc\npmrc Completed in 0ms
14 timing config:load:global Completed in 1ms
15 timing config:load:setEnvs Completed in 1ms
16 timing config:load Completed in 10ms
17 timing npm:load:configload Completed in 10ms
18 timing config:load:flatten Completed in 2ms
19 timing npm:load:mkdirpcache Completed in 0ms
20 timing npm:load:mkdirplogs Completed in 0ms
21 verbose title npm exec create-react-app my app
22 verbose argv "exec" "--" "create-react-app" "my" "app"
23 timing npm:load:setTitle Completed in 1ms
24 timing npm:load:display Completed in 0ms
25 verbose logfile logs-max:10 dir:C:\Users\student\AppData\Local\npm-cache\_logs\2024-12-07T04_36_16_933Z-
26 verbose logfile C:\Users\student\AppData\Local\npm-cache\_logs\2024-12-07T04_36_16_933Z-debug-0.log
27 timing npm:load:logFile Completed in 3ms
28 timing npm:load:timers Completed in 0ms
29 timing npm:load:configScope Completed in 0ms
30 timing npm:load Completed in 37ms
31 silly logfile done cleaning log files
32 timing arborist:ctor Completed in 1ms
33 http fetch GET 200 https://registry.npmjs.org/npm 672ms
34 http fetch GET 200 https://registry.npmjs.org/create-react-app 653ms (cache miss)
35 timing arborist:ctor Completed in 1ms
36 timing arborist:ctor Completed in 0ms
37 timing command:exec Completed in 4374ms
38 notice
38 notice New [33mminor[39m version of npm available! [31m10.5.2[39m -> [32m10.9.2[39m
38 notice Changelog: [36mhttps://github.com/npm/cli/releases/tag/v10.9.2[39m
38 notice Run [32mnpm install -g npm@10.9.2[39m to update!
38 notice
39 verbose stack Error: canceled
39 verbose stack     at Interface.<anonymous> (C:\Program Files\nodejs\node_modules\npm\node_modules\read\dist\commonjs\read.js:89:21)
39 verbose stack     at Interface.emit (node:events:519:28)
39 verbose stack     at [_ttyWrite] [as _ttyWrite] (node:internal/readline/interface:1126:18)
39 verbose stack     at ReadStream.onkeypress (node:internal/readline/interface:265:20)
39 verbose stack     at ReadStream.emit (node:events:519:28)
39 verbose stack     at emitKeys (node:internal/readline/utils:371:14)
39 verbose stack     at emitKeys.next (<anonymous>)
39 verbose stack     at ReadStream.onData (node:internal/readline/emitKeypressEvents:64:36)
39 verbose stack     at ReadStream.emit (node:events:519:28)
39 verbose stack     at addChunk (node:internal/streams/readable:559:12)
40 verbose cwd D:\vraj dudhat
41 verbose Windows_NT 10.0.18362
42 verbose node v20.13.1
43 verbose npm  v10.5.2
44 error canceled
45 verbose exit 1
46 timing npm Completed in 4810ms
47 verbose code 1
48 error A complete log of this run can be found in: C:\Users\student\AppData\Local\npm-cache\_logs\2024-12-07T04_36_16_933Z-debug-0.log
