0 verbose cli C:\Program Files\nodejs\node.exe C:\Program Files\nodejs\node_modules\npm\bin\npm-cli.js
1 info using npm@10.5.2
2 info using node@v20.13.1
3 timing npm:load:whichnode Completed in 1ms
4 timing config:load:defaults Completed in 1ms
5 timing config:load:file:C:\Program Files\nodejs\node_modules\npm\npmrc Completed in 2ms
6 timing config:load:builtin Completed in 2ms
7 timing config:load:cli Completed in 2ms
8 timing config:load:env Completed in 0ms
9 timing config:load:file:D:\vraj dudhat\.npmrc Completed in 0ms
10 timing config:load:project Completed in 2ms
11 timing config:load:file:C:\Users\student\.npmrc Completed in 1ms
12 timing config:load:user Completed in 1ms
13 timing config:load:file:C:\Users\student\AppData\Roaming\npm\etc\npmrc Completed in 1ms
14 timing config:load:global Completed in 1ms
15 timing config:load:setEnvs Completed in 0ms
16 timing config:load Completed in 10ms
17 timing npm:load:configload Completed in 11ms
18 timing config:load:flatten Completed in 2ms
19 timing npm:load:mkdirpcache Completed in 0ms
20 timing npm:load:mkdirplogs Completed in 0ms
21 verbose title npm start
22 verbose argv "start"
23 timing npm:load:setTitle Completed in 0ms
24 timing npm:load:display Completed in 1ms
25 verbose logfile logs-max:10 dir:C:\Users\student\AppData\Local\npm-cache\_logs\2024-12-07T05_15_32_998Z-
26 verbose logfile C:\Users\student\AppData\Local\npm-cache\_logs\2024-12-07T05_15_32_998Z-debug-0.log
27 timing npm:load:logFile Completed in 3ms
28 timing npm:load:timers Completed in 0ms
29 timing npm:load:configScope Completed in 0ms
30 timing npm:load Completed in 37ms
31 silly logfile done cleaning log files
32 timing command:run-script Completed in 14ms
33 timing command:start Completed in 30ms
34 verbose stack Error: Could not read package.json: Error: ENOENT: no such file or directory, open 'D:\vraj dudhat\package.json'
34 verbose stack     at async open (node:internal/fs/promises:636:25)
34 verbose stack     at async readFile (node:internal/fs/promises:1246:14)
34 verbose stack     at async PackageJson.load (C:\Program Files\nodejs\node_modules\npm\node_modules\@npmcli\package-json\lib\index.js:129:31)
34 verbose stack     at async PackageJson.normalize (C:\Program Files\nodejs\node_modules\npm\node_modules\@npmcli\package-json\lib\index.js:115:5)
34 verbose stack     at async RunScript.run (C:\Program Files\nodejs\node_modules\npm\lib\commands\run-script.js:72:27)
34 verbose stack     at async module.exports (C:\Program Files\nodejs\node_modules\npm\lib\cli-entry.js:61:5)
35 verbose cwd D:\vraj dudhat
36 verbose Windows_NT 10.0.18362
37 verbose node v20.13.1
38 verbose npm  v10.5.2
39 error code ENOENT
40 error syscall open
41 error path D:\vraj dudhat\package.json
42 error errno -4058
43 error enoent Could not read package.json: Error: ENOENT: no such file or directory, open 'D:\vraj dudhat\package.json'
44 error enoent This is related to npm not being able to find a file.
44 error enoent
45 verbose exit -4058
46 timing npm Completed in 88ms
47 verbose code -4058
48 error A complete log of this run can be found in: C:\Users\student\AppData\Local\npm-cache\_logs\2024-12-07T05_15_32_998Z-debug-0.log
